<?xml version="1.0" encoding="UTF-8"?>
<!-- Generated by org.testng.reporters.JUnitXMLReporter -->
<testsuite hostname="Akanksha-PC" ignored="0" name="Test" tests="1" failures="1" timestamp="25 Jul 2019 16:37:56 GMT" time="0.248" errors="0">
  <testcase name="ValidateUsernameOnHomePage" time="0.0" classname="com.practice.test.FlipkartLoginTest">
    <failure type="org.testng.TestNGException" message="
Cannot inject @Test annotated Method [ValidateUsernameOnHomePage] with [class java.lang.String, class java.lang.String].
For more information on native dependency injection please refer to http://testng.org/doc/documentation-main.html#native-dependency-injection">
      <![CDATA[org.testng.TestNGException: 
Cannot inject @Test annotated Method [ValidateUsernameOnHomePage] with [class java.lang.String, class java.lang.String].
For more information on native dependency injection please refer to http://testng.org/doc/documentation-main.html#native-dependency-injection
... Removed 24 stack frames]]>
    </failure>
  </testcase> <!-- ValidateUsernameOnHomePage -->
</testsuite> <!-- Test -->
